<?xml version="1.0" encoding="UTF-8"?>
<!-- Generated by org.testng.reporters.JUnitXMLReporter -->
<testsuite ignored="0" hostname="LAPTOP-9R4SRQNE" failures="0" tests="1" name="Test-02" time="63.761" errors="0" timestamp="2024-03-13T10:49:13 IST">
  <testcase classname="contactsTests.CreateNewContactWithLeadSource" name="createContactWithMandatoryfield" time="27.758"/>
</testsuite> <!-- Test-02 -->
