<?xml version="1.0" encoding="UTF-8"?>
<!-- Generated by org.testng.reporters.JUnitXMLReporter -->
<testsuite ignored="0" hostname="LAPTOP-9R4SRQNE" failures="0" tests="1" name="Test-Chrome" time="64.877" errors="0" timestamp="2024-03-13T11:42:33 IST">
  <testcase classname="contactsTests.CreateNewContactTest" name="createContactWithMandatoryfield" time="37.181"/>
</testsuite> <!-- Test-Chrome -->
