<?xml version="1.0" encoding="UTF-8"?>
<!-- Generated by org.testng.reporters.JUnitXMLReporter -->
<testsuite ignored="0" hostname="LAPTOP-9R4SRQNE" failures="0" tests="1" name="Test-01" time="63.622" errors="0" timestamp="2024-03-13T10:49:12 IST">
  <testcase classname="contactsTests.CreateNewContactTest" name="createContactWithMandatoryfield" time="27.104"/>
</testsuite> <!-- Test-01 -->
