<?xml version="1.0" encoding="UTF-8"?>
<!-- Generated by org.testng.reporters.JUnitReportReporter -->
<testsuite hostname="LAPTOP-9R4SRQNE" failures="0" tests="1" name="contactsTests.CreateNewContactWithLeadSource" time="41.491" errors="0" timestamp="2024-03-13T10:49:13 IST" skipped="0">
  <testcase classname="contactsTests.CreateNewContactWithLeadSource" name="createContactWithMandatoryfield" time="41.491"/>
</testsuite> <!-- contactsTests.CreateNewContactWithLeadSource -->
